<?xml version="1.0" encoding="UTF-8"?>
<!-- Generated by org.testng.reporters.JUnitReportReporter -->
<testsuite name="com.rivigo.assignment.RivigoAssignment.TestSuite" tests="1" failures="0" timestamp="14 Dec 2017 11:29:00 GMT" time="99.191" errors="0">
  <testcase name="TC_001_PerformShopping" time="99.191" classname="com.rivigo.assignment.RivigoAssignment.TestSuite"/>
</testsuite> <!-- com.rivigo.assignment.RivigoAssignment.TestSuite -->
